
[28-Feb-2020 20:06:37 UTC] PHP Warning:  mysqli::__construct(): (HY000/1049): Unknown database 'registracija' in C:\laragon\www\prvi_zadatak\db\konekcija.php on line 3
[28-Feb-2020 20:06:37 UTC] PHP Warning:  mysqli::set_charset(): Couldn't fetch mysqli in C:\laragon\www\prvi_zadatak\db\konekcija.php on line 4
[28-Feb-2020 20:06:41 UTC] PHP Warning:  mysqli::__construct(): (HY000/1049): Unknown database 'registracija' in C:\laragon\www\prvi_zadatak\db\konekcija.php on line 3
[28-Feb-2020 20:06:41 UTC] PHP Warning:  mysqli::set_charset(): Couldn't fetch mysqli in C:\laragon\www\prvi_zadatak\db\konekcija.php on line 4
[29-Feb-2020 16:29:30 UTC] PHP Fatal error:  Uncaught ArgumentCountError: Too few arguments to function Vlasnik::vratiSve(), 0 passed in C:\laragon\www\prvi_zadatak\tablice.php on line 5 and exactly 1 expected in C:\laragon\www\prvi_zadatak\domen\Vlasnik.php:10
Stack trace:
#0 C:\laragon\www\prvi_zadatak\tablice.php(5): Vlasnik->vratiSve()
#1 {main}
  thrown in C:\laragon\www\prvi_zadatak\domen\Vlasnik.php on line 10
[29-Feb-2020 17:04:20 UTC] PHP Warning:  include(domen/Tablice.php): failed to open stream: No such file or directory in C:\laragon\www\prvi_zadatak\init.php on line 4
[29-Feb-2020 17:04:20 UTC] PHP Warning:  include(): Failed opening 'domen/Tablice.php' for inclusion (include_path='.;C:/laragon/etc/php/pear') in C:\laragon\www\prvi_zadatak\init.php on line 4
[29-Feb-2020 17:04:20 UTC] PHP Fatal error:  Uncaught ArgumentCountError: Too few arguments to function Vlasnik::vratiSve(), 0 passed in C:\laragon\www\prvi_zadatak\tablice.php on line 5 and exactly 1 expected in C:\laragon\www\prvi_zadatak\domen\Vlasnik.php:14
Stack trace:
#0 C:\laragon\www\prvi_zadatak\tablice.php(5): Vlasnik->vratiSve()
#1 {main}
  thrown in C:\laragon\www\prvi_zadatak\domen\Vlasnik.php on line 14
[29-Feb-2020 17:05:32 UTC] PHP Warning:  include(domen/Tablice.php): failed to open stream: No such file or directory in C:\laragon\www\prvi_zadatak\init.php on line 4
[29-Feb-2020 17:05:32 UTC] PHP Warning:  include(): Failed opening 'domen/Tablice.php' for inclusion (include_path='.;C:/laragon/etc/php/pear') in C:\laragon\www\prvi_zadatak\init.php on line 4
[29-Feb-2020 17:05:32 UTC] PHP Fatal error:  Uncaught ArgumentCountError: Too few arguments to function Vlasnik::vratiSve(), 0 passed in C:\laragon\www\prvi_zadatak\tablice.php on line 5 and exactly 1 expected in C:\laragon\www\prvi_zadatak\domen\Vlasnik.php:14
Stack trace:
#0 C:\laragon\www\prvi_zadatak\tablice.php(5): Vlasnik->vratiSve()
#1 {main}
  thrown in C:\laragon\www\prvi_zadatak\domen\Vlasnik.php on line 14
[02-Mar-2020 19:17:35 UTC] PHP Warning:  include(domen/Tablice.php): failed to open stream: No such file or directory in C:\laragon\www\prvi_zadatak\init.php on line 4
[02-Mar-2020 19:17:35 UTC] PHP Warning:  include(): Failed opening 'domen/Tablice.php' for inclusion (include_path='.;C:/laragon/etc/php/pear') in C:\laragon\www\prvi_zadatak\init.php on line 4
[02-Mar-2020 19:17:39 UTC] PHP Warning:  include(domen/Tablice.php): failed to open stream: No such file or directory in C:\laragon\www\prvi_zadatak\init.php on line 4
[02-Mar-2020 19:17:39 UTC] PHP Warning:  include(): Failed opening 'domen/Tablice.php' for inclusion (include_path='.;C:/laragon/etc/php/pear') in C:\laragon\www\prvi_zadatak\init.php on line 4
[02-Mar-2020 19:17:43 UTC] PHP Warning:  include(domen/Tablice.php): failed to open stream: No such file or directory in C:\laragon\www\prvi_zadatak\init.php on line 4
[02-Mar-2020 19:17:43 UTC] PHP Warning:  include(): Failed opening 'domen/Tablice.php' for inclusion (include_path='.;C:/laragon/etc/php/pear') in C:\laragon\www\prvi_zadatak\init.php on line 4
[02-Mar-2020 19:17:46 UTC] PHP Warning:  include(domen/Tablice.php): failed to open stream: No such file or directory in C:\laragon\www\prvi_zadatak\init.php on line 4
[02-Mar-2020 19:17:46 UTC] PHP Warning:  include(): Failed opening 'domen/Tablice.php' for inclusion (include_path='.;C:/laragon/etc/php/pear') in C:\laragon\www\prvi_zadatak\init.php on line 4
[02-Mar-2020 19:17:52 UTC] PHP Warning:  include(domen/Tablice.php): failed to open stream: No such file or directory in C:\laragon\www\prvi_zadatak\init.php on line 4
[02-Mar-2020 19:17:52 UTC] PHP Warning:  include(): Failed opening 'domen/Tablice.php' for inclusion (include_path='.;C:/laragon/etc/php/pear') in C:\laragon\www\prvi_zadatak\init.php on line 4
[02-Mar-2020 19:17:57 UTC] PHP Warning:  include(domen/Tablice.php): failed to open stream: No such file or directory in C:\laragon\www\prvi_zadatak\init.php on line 4
[02-Mar-2020 19:17:57 UTC] PHP Warning:  include(): Failed opening 'domen/Tablice.php' for inclusion (include_path='.;C:/laragon/etc/php/pear') in C:\laragon\www\prvi_zadatak\init.php on line 4
[02-Mar-2020 19:17:57 UTC] PHP Fatal error:  Uncaught ArgumentCountError: Too few arguments to function Vlasnik::vratiSve(), 0 passed in C:\laragon\www\prvi_zadatak\tablice.php on line 5 and exactly 1 expected in C:\laragon\www\prvi_zadatak\domen\Vlasnik.php:14
Stack trace:
#0 C:\laragon\www\prvi_zadatak\tablice.php(5): Vlasnik->vratiSve()
#1 {main}
  thrown in C:\laragon\www\prvi_zadatak\domen\Vlasnik.php on line 14
[02-Mar-2020 19:18:38 UTC] PHP Warning:  include(domen/Tablice.php): failed to open stream: No such file or directory in C:\laragon\www\prvi_zadatak\init.php on line 4
[02-Mar-2020 19:18:38 UTC] PHP Warning:  include(): Failed opening 'domen/Tablice.php' for inclusion (include_path='.;C:/laragon/etc/php/pear') in C:\laragon\www\prvi_zadatak\init.php on line 4
[02-Mar-2020 20:02:32 UTC] PHP Warning:  include(domen/Tablice.php): failed to open stream: No such file or directory in C:\laragon\www\prvi_zadatak\init.php on line 4
[02-Mar-2020 20:02:32 UTC] PHP Warning:  include(): Failed opening 'domen/Tablice.php' for inclusion (include_path='.;C:/laragon/etc/php/pear') in C:\laragon\www\prvi_zadatak\init.php on line 4
[02-Mar-2020 20:02:34 UTC] PHP Warning:  include(domen/Tablice.php): failed to open stream: No such file or directory in C:\laragon\www\prvi_zadatak\init.php on line 4
[02-Mar-2020 20:02:34 UTC] PHP Warning:  include(): Failed opening 'domen/Tablice.php' for inclusion (include_path='.;C:/laragon/etc/php/pear') in C:\laragon\www\prvi_zadatak\init.php on line 4
[02-Mar-2020 20:02:34 UTC] PHP Fatal error:  Uncaught ArgumentCountError: Too few arguments to function Vlasnik::vratiSve(), 0 passed in C:\laragon\www\prvi_zadatak\tablice.php on line 5 and exactly 1 expected in C:\laragon\www\prvi_zadatak\domen\Vlasnik.php:14
Stack trace:
#0 C:\laragon\www\prvi_zadatak\tablice.php(5): Vlasnik->vratiSve()
#1 {main}
  thrown in C:\laragon\www\prvi_zadatak\domen\Vlasnik.php on line 14
[02-Mar-2020 20:04:03 UTC] PHP Warning:  include(domen/Tablice.php): failed to open stream: No such file or directory in C:\laragon\www\prvi_zadatak\init.php on line 4
[02-Mar-2020 20:04:03 UTC] PHP Warning:  include(): Failed opening 'domen/Tablice.php' for inclusion (include_path='.;C:/laragon/etc/php/pear') in C:\laragon\www\prvi_zadatak\init.php on line 4
[02-Mar-2020 20:04:04 UTC] PHP Warning:  include(domen/Tablice.php): failed to open stream: No such file or directory in C:\laragon\www\prvi_zadatak\init.php on line 4
[02-Mar-2020 20:04:04 UTC] PHP Warning:  include(): Failed opening 'domen/Tablice.php' for inclusion (include_path='.;C:/laragon/etc/php/pear') in C:\laragon\www\prvi_zadatak\init.php on line 4
[02-Mar-2020 20:04:04 UTC] PHP Fatal error:  Uncaught ArgumentCountError: Too few arguments to function Vlasnik::vratiSve(), 0 passed in C:\laragon\www\prvi_zadatak\tablice.php on line 5 and exactly 1 expected in C:\laragon\www\prvi_zadatak\domen\Vlasnik.php:14
Stack trace:
#0 C:\laragon\www\prvi_zadatak\tablice.php(5): Vlasnik->vratiSve()
#1 {main}
  thrown in C:\laragon\www\prvi_zadatak\domen\Vlasnik.php on line 14
[02-Mar-2020 20:06:14 UTC] PHP Warning:  include(domen/Tablice.php): failed to open stream: No such file or directory in C:\laragon\www\prvi_zadatak\init.php on line 4
[02-Mar-2020 20:06:14 UTC] PHP Warning:  include(): Failed opening 'domen/Tablice.php' for inclusion (include_path='.;C:/laragon/etc/php/pear') in C:\laragon\www\prvi_zadatak\init.php on line 4
[02-Mar-2020 20:06:15 UTC] PHP Warning:  include(domen/Tablice.php): failed to open stream: No such file or directory in C:\laragon\www\prvi_zadatak\init.php on line 4
[02-Mar-2020 20:06:15 UTC] PHP Warning:  include(): Failed opening 'domen/Tablice.php' for inclusion (include_path='.;C:/laragon/etc/php/pear') in C:\laragon\www\prvi_zadatak\init.php on line 4
[02-Mar-2020 20:06:15 UTC] PHP Notice:  Undefined property: Vozilo::$vratiSve in C:\laragon\www\prvi_zadatak\tablice.php on line 8
[02-Mar-2020 20:06:15 UTC] PHP Fatal error:  Uncaught Error: Class name must be a valid object or a string in C:\laragon\www\prvi_zadatak\tablice.php:8
Stack trace:
#0 {main}
  thrown in C:\laragon\www\prvi_zadatak\tablice.php on line 8
[02-Mar-2020 20:07:45 UTC] PHP Warning:  include(domen/Tablice.php): failed to open stream: No such file or directory in C:\laragon\www\prvi_zadatak\init.php on line 4
[02-Mar-2020 20:07:45 UTC] PHP Warning:  include(): Failed opening 'domen/Tablice.php' for inclusion (include_path='.;C:/laragon/etc/php/pear') in C:\laragon\www\prvi_zadatak\init.php on line 4
[02-Mar-2020 20:07:47 UTC] PHP Warning:  include(domen/Tablice.php): failed to open stream: No such file or directory in C:\laragon\www\prvi_zadatak\init.php on line 4
[02-Mar-2020 20:07:47 UTC] PHP Warning:  include(): Failed opening 'domen/Tablice.php' for inclusion (include_path='.;C:/laragon/etc/php/pear') in C:\laragon\www\prvi_zadatak\init.php on line 4
[02-Mar-2020 20:07:47 UTC] PHP Notice:  Undefined property: Vozilo::$vratiSve in C:\laragon\www\prvi_zadatak\tablice.php on line 8
[02-Mar-2020 20:07:47 UTC] PHP Fatal error:  Uncaught Error: Class name must be a valid object or a string in C:\laragon\www\prvi_zadatak\tablice.php:8
Stack trace:
#0 {main}
  thrown in C:\laragon\www\prvi_zadatak\tablice.php on line 8
[02-Mar-2020 20:08:30 UTC] PHP Warning:  include(domen/Tablice.php): failed to open stream: No such file or directory in C:\laragon\www\prvi_zadatak\init.php on line 4
[02-Mar-2020 20:08:30 UTC] PHP Warning:  include(): Failed opening 'domen/Tablice.php' for inclusion (include_path='.;C:/laragon/etc/php/pear') in C:\laragon\www\prvi_zadatak\init.php on line 4
[02-Mar-2020 20:08:30 UTC] PHP Notice:  Undefined property: Vozilo::$vratiSve in C:\laragon\www\prvi_zadatak\tablice.php on line 8
[02-Mar-2020 20:08:30 UTC] PHP Fatal error:  Uncaught Error: Class name must be a valid object or a string in C:\laragon\www\prvi_zadatak\tablice.php:8
Stack trace:
#0 {main}
  thrown in C:\laragon\www\prvi_zadatak\tablice.php on line 8
[02-Mar-2020 20:08:32 UTC] PHP Warning:  include(domen/Tablice.php): failed to open stream: No such file or directory in C:\laragon\www\prvi_zadatak\init.php on line 4
[02-Mar-2020 20:08:32 UTC] PHP Warning:  include(): Failed opening 'domen/Tablice.php' for inclusion (include_path='.;C:/laragon/etc/php/pear') in C:\laragon\www\prvi_zadatak\init.php on line 4
[02-Mar-2020 20:08:32 UTC] PHP Notice:  Undefined property: Vozilo::$vratiSve in C:\laragon\www\prvi_zadatak\tablice.php on line 8
[02-Mar-2020 20:08:32 UTC] PHP Fatal error:  Uncaught Error: Class name must be a valid object or a string in C:\laragon\www\prvi_zadatak\tablice.php:8
Stack trace:
#0 {main}
  thrown in C:\laragon\www\prvi_zadatak\tablice.php on line 8
[02-Mar-2020 20:08:50 UTC] PHP Warning:  include(domen/Tablice.php): failed to open stream: No such file or directory in C:\laragon\www\prvi_zadatak\init.php on line 4
[02-Mar-2020 20:08:50 UTC] PHP Warning:  include(): Failed opening 'domen/Tablice.php' for inclusion (include_path='.;C:/laragon/etc/php/pear') in C:\laragon\www\prvi_zadatak\init.php on line 4
[02-Mar-2020 20:08:50 UTC] PHP Notice:  Undefined property: Vozilo::$vratiSve in C:\laragon\www\prvi_zadatak\tablice.php on line 9
[02-Mar-2020 20:08:50 UTC] PHP Fatal error:  Uncaught Error: Class name must be a valid object or a string in C:\laragon\www\prvi_zadatak\tablice.php:9
Stack trace:
#0 {main}
  thrown in C:\laragon\www\prvi_zadatak\tablice.php on line 9
[02-Mar-2020 20:09:48 UTC] PHP Warning:  include(domen/Tablice.php): failed to open stream: No such file or directory in C:\laragon\www\prvi_zadatak\init.php on line 4
[02-Mar-2020 20:09:48 UTC] PHP Warning:  include(): Failed opening 'domen/Tablice.php' for inclusion (include_path='.;C:/laragon/etc/php/pear') in C:\laragon\www\prvi_zadatak\init.php on line 4
[02-Mar-2020 20:09:48 UTC] PHP Notice:  Undefined variable: ime in C:\laragon\www\prvi_zadatak\domen\Vlasnik.php on line 11
[02-Mar-2020 20:09:48 UTC] PHP Notice:  Undefined variable: prezime in C:\laragon\www\prvi_zadatak\domen\Vlasnik.php on line 11
[02-Mar-2020 20:09:48 UTC] PHP Notice:  Undefined variable: ime in C:\laragon\www\prvi_zadatak\domen\Vlasnik.php on line 11
[02-Mar-2020 20:09:48 UTC] PHP Notice:  Undefined variable: prezime in C:\laragon\www\prvi_zadatak\domen\Vlasnik.php on line 11
[02-Mar-2020 20:09:48 UTC] PHP Notice:  Undefined variable: ime in C:\laragon\www\prvi_zadatak\domen\Vlasnik.php on line 11
[02-Mar-2020 20:09:48 UTC] PHP Notice:  Undefined variable: prezime in C:\laragon\www\prvi_zadatak\domen\Vlasnik.php on line 11
[02-Mar-2020 20:09:48 UTC] PHP Notice:  Undefined variable: ime in C:\laragon\www\prvi_zadatak\domen\Vlasnik.php on line 11
[02-Mar-2020 20:09:48 UTC] PHP Notice:  Undefined variable: prezime in C:\laragon\www\prvi_zadatak\domen\Vlasnik.php on line 11
[02-Mar-2020 20:09:48 UTC] PHP Notice:  Undefined variable: ime in C:\laragon\www\prvi_zadatak\domen\Vlasnik.php on line 11
[02-Mar-2020 20:09:48 UTC] PHP Notice:  Undefined variable: prezime in C:\laragon\www\prvi_zadatak\domen\Vlasnik.php on line 11
[02-Mar-2020 20:09:48 UTC] PHP Notice:  Undefined variable: ime in C:\laragon\www\prvi_zadatak\domen\Vlasnik.php on line 11
[02-Mar-2020 20:09:48 UTC] PHP Notice:  Undefined variable: prezime in C:\laragon\www\prvi_zadatak\domen\Vlasnik.php on line 11
[02-Mar-2020 20:09:48 UTC] PHP Notice:  Undefined variable: marka in C:\laragon\www\prvi_zadatak\domen\Vozilo.php on line 10
[02-Mar-2020 20:09:48 UTC] PHP Notice:  Undefined variable: model in C:\laragon\www\prvi_zadatak\domen\Vozilo.php on line 10
[02-Mar-2020 20:09:48 UTC] PHP Notice:  Undefined variable: marka in C:\laragon\www\prvi_zadatak\domen\Vozilo.php on line 10
[02-Mar-2020 20:09:48 UTC] PHP Notice:  Undefined variable: model in C:\laragon\www\prvi_zadatak\domen\Vozilo.php on line 10
[02-Mar-2020 20:09:48 UTC] PHP Notice:  Undefined variable: marka in C:\laragon\www\prvi_zadatak\domen\Vozilo.php on line 10
[02-Mar-2020 20:09:48 UTC] PHP Notice:  Undefined variable: model in C:\laragon\www\prvi_zadatak\domen\Vozilo.php on line 10
[02-Mar-2020 20:09:48 UTC] PHP Notice:  Undefined variable: marka in C:\laragon\www\prvi_zadatak\domen\Vozilo.php on line 10
[02-Mar-2020 20:09:48 UTC] PHP Notice:  Undefined variable: model in C:\laragon\www\prvi_zadatak\domen\Vozilo.php on line 10
[02-Mar-2020 20:09:48 UTC] PHP Notice:  Undefined variable: marka in C:\laragon\www\prvi_zadatak\domen\Vozilo.php on line 10
[02-Mar-2020 20:09:48 UTC] PHP Notice:  Undefined variable: model in C:\laragon\www\prvi_zadatak\domen\Vozilo.php on line 10
[02-Mar-2020 20:09:48 UTC] PHP Notice:  Undefined variable: marka in C:\laragon\www\prvi_zadatak\domen\Vozilo.php on line 10
[02-Mar-2020 20:09:48 UTC] PHP Notice:  Undefined variable: model in C:\laragon\www\prvi_zadatak\domen\Vozilo.php on line 10
[02-Mar-2020 20:09:48 UTC] PHP Notice:  Undefined variable: marka in C:\laragon\www\prvi_zadatak\domen\Vozilo.php on line 10
[02-Mar-2020 20:09:48 UTC] PHP Notice:  Undefined variable: model in C:\laragon\www\prvi_zadatak\domen\Vozilo.php on line 10
[02-Mar-2020 20:11:08 UTC] PHP Warning:  include(domen/Tablice.php): failed to open stream: No such file or directory in C:\laragon\www\prvi_zadatak\init.php on line 4
[02-Mar-2020 20:11:08 UTC] PHP Warning:  include(): Failed opening 'domen/Tablice.php' for inclusion (include_path='.;C:/laragon/etc/php/pear') in C:\laragon\www\prvi_zadatak\init.php on line 4
[02-Mar-2020 20:11:08 UTC] PHP Notice:  Undefined variable: ime in C:\laragon\www\prvi_zadatak\domen\Vlasnik.php on line 11
[02-Mar-2020 20:11:08 UTC] PHP Notice:  Undefined variable: prezime in C:\laragon\www\prvi_zadatak\domen\Vlasnik.php on line 11
[02-Mar-2020 20:11:08 UTC] PHP Notice:  Undefined variable: ime in C:\laragon\www\prvi_zadatak\domen\Vlasnik.php on line 11
[02-Mar-2020 20:11:08 UTC] PHP Notice:  Undefined variable: prezime in C:\laragon\www\prvi_zadatak\domen\Vlasnik.php on line 11
[02-Mar-2020 20:11:08 UTC] PHP Notice:  Undefined variable: ime in C:\laragon\www\prvi_zadatak\domen\Vlasnik.php on line 11
[02-Mar-2020 20:11:08 UTC] PHP Notice:  Undefined variable: prezime in C:\laragon\www\prvi_zadatak\domen\Vlasnik.php on line 11
[02-Mar-2020 20:11:08 UTC] PHP Notice:  Undefined variable: ime in C:\laragon\www\prvi_zadatak\domen\Vlasnik.php on line 11
[02-Mar-2020 20:11:08 UTC] PHP Notice:  Undefined variable: prezime in C:\laragon\www\prvi_zadatak\domen\Vlasnik.php on line 11
[02-Mar-2020 20:11:08 UTC] PHP Notice:  Undefined variable: ime in C:\laragon\www\prvi_zadatak\domen\Vlasnik.php on line 11
[02-Mar-2020 20:11:08 UTC] PHP Notice:  Undefined variable: prezime in C:\laragon\www\prvi_zadatak\domen\Vlasnik.php on line 11
[02-Mar-2020 20:11:08 UTC] PHP Notice:  Undefined variable: ime in C:\laragon\www\prvi_zadatak\domen\Vlasnik.php on line 11
[02-Mar-2020 20:11:08 UTC] PHP Notice:  Undefined variable: prezime in C:\laragon\www\prvi_zadatak\domen\Vlasnik.php on line 11
[02-Mar-2020 20:11:08 UTC] PHP Notice:  Undefined variable: marka in C:\laragon\www\prvi_zadatak\domen\Vozilo.php on line 10
[02-Mar-2020 20:11:08 UTC] PHP Notice:  Undefined variable: model in C:\laragon\www\prvi_zadatak\domen\Vozilo.php on line 10
[02-Mar-2020 20:11:08 UTC] PHP Notice:  Undefined variable: marka in C:\laragon\www\prvi_zadatak\domen\Vozilo.php on line 10
[02-Mar-2020 20:11:08 UTC] PHP Notice:  Undefined variable: model in C:\laragon\www\prvi_zadatak\domen\Vozilo.php on line 10
[02-Mar-2020 20:11:08 UTC] PHP Notice:  Undefined variable: marka in C:\laragon\www\prvi_zadatak\domen\Vozilo.php on line 10
[02-Mar-2020 20:11:08 UTC] PHP Notice:  Undefined variable: model in C:\laragon\www\prvi_zadatak\domen\Vozilo.php on line 10
[02-Mar-2020 20:11:08 UTC] PHP Notice:  Undefined variable: marka in C:\laragon\www\prvi_zadatak\domen\Vozilo.php on line 10
[02-Mar-2020 20:11:08 UTC] PHP Notice:  Undefined variable: model in C:\laragon\www\prvi_zadatak\domen\Vozilo.php on line 10
[02-Mar-2020 20:11:08 UTC] PHP Notice:  Undefined variable: marka in C:\laragon\www\prvi_zadatak\domen\Vozilo.php on line 10
[02-Mar-2020 20:11:08 UTC] PHP Notice:  Undefined variable: model in C:\laragon\www\prvi_zadatak\domen\Vozilo.php on line 10
[02-Mar-2020 20:11:08 UTC] PHP Notice:  Undefined variable: marka in C:\laragon\www\prvi_zadatak\domen\Vozilo.php on line 10
[02-Mar-2020 20:11:08 UTC] PHP Notice:  Undefined variable: model in C:\laragon\www\prvi_zadatak\domen\Vozilo.php on line 10
[02-Mar-2020 20:11:08 UTC] PHP Notice:  Undefined variable: marka in C:\laragon\www\prvi_zadatak\domen\Vozilo.php on line 10
[02-Mar-2020 20:11:08 UTC] PHP Notice:  Undefined variable: model in C:\laragon\www\prvi_zadatak\domen\Vozilo.php on line 10
[02-Mar-2020 20:12:57 UTC] PHP Notice:  Undefined variable: ime in C:\laragon\www\prvi_zadatak\domen\Vlasnik.php on line 11
[02-Mar-2020 20:12:57 UTC] PHP Notice:  Undefined variable: prezime in C:\laragon\www\prvi_zadatak\domen\Vlasnik.php on line 11
[02-Mar-2020 20:12:57 UTC] PHP Notice:  Undefined variable: ime in C:\laragon\www\prvi_zadatak\domen\Vlasnik.php on line 11
[02-Mar-2020 20:12:57 UTC] PHP Notice:  Undefined variable: prezime in C:\laragon\www\prvi_zadatak\domen\Vlasnik.php on line 11
[02-Mar-2020 20:12:57 UTC] PHP Notice:  Undefined variable: ime in C:\laragon\www\prvi_zadatak\domen\Vlasnik.php on line 11
[02-Mar-2020 20:12:57 UTC] PHP Notice:  Undefined variable: prezime in C:\laragon\www\prvi_zadatak\domen\Vlasnik.php on line 11
[02-Mar-2020 20:12:57 UTC] PHP Notice:  Undefined variable: ime in C:\laragon\www\prvi_zadatak\domen\Vlasnik.php on line 11
[02-Mar-2020 20:12:57 UTC] PHP Notice:  Undefined variable: prezime in C:\laragon\www\prvi_zadatak\domen\Vlasnik.php on line 11
[02-Mar-2020 20:12:57 UTC] PHP Notice:  Undefined variable: ime in C:\laragon\www\prvi_zadatak\domen\Vlasnik.php on line 11
[02-Mar-2020 20:12:57 UTC] PHP Notice:  Undefined variable: prezime in C:\laragon\www\prvi_zadatak\domen\Vlasnik.php on line 11
[02-Mar-2020 20:12:57 UTC] PHP Notice:  Undefined variable: ime in C:\laragon\www\prvi_zadatak\domen\Vlasnik.php on line 11
[02-Mar-2020 20:12:57 UTC] PHP Notice:  Undefined variable: prezime in C:\laragon\www\prvi_zadatak\domen\Vlasnik.php on line 11
[02-Mar-2020 20:12:57 UTC] PHP Notice:  Undefined variable: marka in C:\laragon\www\prvi_zadatak\domen\Vozilo.php on line 10
[02-Mar-2020 20:12:57 UTC] PHP Notice:  Undefined variable: model in C:\laragon\www\prvi_zadatak\domen\Vozilo.php on line 10
[02-Mar-2020 20:12:57 UTC] PHP Notice:  Undefined variable: marka in C:\laragon\www\prvi_zadatak\domen\Vozilo.php on line 10
[02-Mar-2020 20:12:57 UTC] PHP Notice:  Undefined variable: model in C:\laragon\www\prvi_zadatak\domen\Vozilo.php on line 10
[02-Mar-2020 20:12:57 UTC] PHP Notice:  Undefined variable: marka in C:\laragon\www\prvi_zadatak\domen\Vozilo.php on line 10
[02-Mar-2020 20:12:57 UTC] PHP Notice:  Undefined variable: model in C:\laragon\www\prvi_zadatak\domen\Vozilo.php on line 10
[02-Mar-2020 20:12:57 UTC] PHP Notice:  Undefined variable: marka in C:\laragon\www\prvi_zadatak\domen\Vozilo.php on line 10
[02-Mar-2020 20:12:57 UTC] PHP Notice:  Undefined variable: model in C:\laragon\www\prvi_zadatak\domen\Vozilo.php on line 10
[02-Mar-2020 20:12:57 UTC] PHP Notice:  Undefined variable: marka in C:\laragon\www\prvi_zadatak\domen\Vozilo.php on line 10
[02-Mar-2020 20:12:57 UTC] PHP Notice:  Undefined variable: model in C:\laragon\www\prvi_zadatak\domen\Vozilo.php on line 10
[02-Mar-2020 20:12:57 UTC] PHP Notice:  Undefined variable: marka in C:\laragon\www\prvi_zadatak\domen\Vozilo.php on line 10
[02-Mar-2020 20:12:57 UTC] PHP Notice:  Undefined variable: model in C:\laragon\www\prvi_zadatak\domen\Vozilo.php on line 10
[02-Mar-2020 20:12:57 UTC] PHP Notice:  Undefined variable: marka in C:\laragon\www\prvi_zadatak\domen\Vozilo.php on line 10
[02-Mar-2020 20:12:57 UTC] PHP Notice:  Undefined variable: model in C:\laragon\www\prvi_zadatak\domen\Vozilo.php on line 10
[03-Mar-2020 18:00:11 UTC] PHP Notice:  Undefined variable: ime in C:\laragon\www\prvi_zadatak\domen\Vlasnik.php on line 11
[03-Mar-2020 18:00:11 UTC] PHP Notice:  Undefined variable: prezime in C:\laragon\www\prvi_zadatak\domen\Vlasnik.php on line 11
[03-Mar-2020 18:00:11 UTC] PHP Notice:  Undefined variable: ime in C:\laragon\www\prvi_zadatak\domen\Vlasnik.php on line 11
[03-Mar-2020 18:00:11 UTC] PHP Notice:  Undefined variable: prezime in C:\laragon\www\prvi_zadatak\domen\Vlasnik.php on line 11
[03-Mar-2020 18:00:11 UTC] PHP Notice:  Undefined variable: ime in C:\laragon\www\prvi_zadatak\domen\Vlasnik.php on line 11
[03-Mar-2020 18:00:11 UTC] PHP Notice:  Undefined variable: prezime in C:\laragon\www\prvi_zadatak\domen\Vlasnik.php on line 11
[03-Mar-2020 18:00:11 UTC] PHP Notice:  Undefined variable: ime in C:\laragon\www\prvi_zadatak\domen\Vlasnik.php on line 11
[03-Mar-2020 18:00:11 UTC] PHP Notice:  Undefined variable: prezime in C:\laragon\www\prvi_zadatak\domen\Vlasnik.php on line 11
[03-Mar-2020 18:00:11 UTC] PHP Notice:  Undefined variable: ime in C:\laragon\www\prvi_zadatak\domen\Vlasnik.php on line 11
[03-Mar-2020 18:00:11 UTC] PHP Notice:  Undefined variable: prezime in C:\laragon\www\prvi_zadatak\domen\Vlasnik.php on line 11
[03-Mar-2020 18:00:11 UTC] PHP Notice:  Undefined variable: ime in C:\laragon\www\prvi_zadatak\domen\Vlasnik.php on line 11
[03-Mar-2020 18:00:11 UTC] PHP Notice:  Undefined variable: prezime in C:\laragon\www\prvi_zadatak\domen\Vlasnik.php on line 11
[03-Mar-2020 18:00:11 UTC] PHP Notice:  Undefined variable: marka in C:\laragon\www\prvi_zadatak\domen\Vozilo.php on line 10
[03-Mar-2020 18:00:11 UTC] PHP Notice:  Undefined variable: model in C:\laragon\www\prvi_zadatak\domen\Vozilo.php on line 10
[03-Mar-2020 18:00:11 UTC] PHP Notice:  Undefined variable: marka in C:\laragon\www\prvi_zadatak\domen\Vozilo.php on line 10
[03-Mar-2020 18:00:11 UTC] PHP Notice:  Undefined variable: model in C:\laragon\www\prvi_zadatak\domen\Vozilo.php on line 10
[03-Mar-2020 18:00:11 UTC] PHP Notice:  Undefined variable: marka in C:\laragon\www\prvi_zadatak\domen\Vozilo.php on line 10
[03-Mar-2020 18:00:11 UTC] PHP Notice:  Undefined variable: model in C:\laragon\www\prvi_zadatak\domen\Vozilo.php on line 10
[03-Mar-2020 18:00:11 UTC] PHP Notice:  Undefined variable: marka in C:\laragon\www\prvi_zadatak\domen\Vozilo.php on line 10
[03-Mar-2020 18:00:11 UTC] PHP Notice:  Undefined variable: model in C:\laragon\www\prvi_zadatak\domen\Vozilo.php on line 10
[03-Mar-2020 18:00:11 UTC] PHP Notice:  Undefined variable: marka in C:\laragon\www\prvi_zadatak\domen\Vozilo.php on line 10
[03-Mar-2020 18:00:11 UTC] PHP Notice:  Undefined variable: model in C:\laragon\www\prvi_zadatak\domen\Vozilo.php on line 10
[03-Mar-2020 18:00:11 UTC] PHP Notice:  Undefined variable: marka in C:\laragon\www\prvi_zadatak\domen\Vozilo.php on line 10
[03-Mar-2020 18:00:11 UTC] PHP Notice:  Undefined variable: model in C:\laragon\www\prvi_zadatak\domen\Vozilo.php on line 10
[03-Mar-2020 18:00:11 UTC] PHP Notice:  Undefined variable: marka in C:\laragon\www\prvi_zadatak\domen\Vozilo.php on line 10
[03-Mar-2020 18:00:11 UTC] PHP Notice:  Undefined variable: model in C:\laragon\www\prvi_zadatak\domen\Vozilo.php on line 10
[03-Mar-2020 18:01:41 UTC] PHP Notice:  Undefined variable: marka in C:\laragon\www\prvi_zadatak\domen\Vozilo.php on line 10
[03-Mar-2020 18:01:41 UTC] PHP Notice:  Undefined variable: model in C:\laragon\www\prvi_zadatak\domen\Vozilo.php on line 10
[03-Mar-2020 18:01:41 UTC] PHP Notice:  Undefined variable: marka in C:\laragon\www\prvi_zadatak\domen\Vozilo.php on line 10
[03-Mar-2020 18:01:41 UTC] PHP Notice:  Undefined variable: model in C:\laragon\www\prvi_zadatak\domen\Vozilo.php on line 10
[03-Mar-2020 18:01:41 UTC] PHP Notice:  Undefined variable: marka in C:\laragon\www\prvi_zadatak\domen\Vozilo.php on line 10
[03-Mar-2020 18:01:41 UTC] PHP Notice:  Undefined variable: model in C:\laragon\www\prvi_zadatak\domen\Vozilo.php on line 10
[03-Mar-2020 18:01:41 UTC] PHP Notice:  Undefined variable: marka in C:\laragon\www\prvi_zadatak\domen\Vozilo.php on line 10
[03-Mar-2020 18:01:41 UTC] PHP Notice:  Undefined variable: model in C:\laragon\www\prvi_zadatak\domen\Vozilo.php on line 10
[03-Mar-2020 18:01:41 UTC] PHP Notice:  Undefined variable: marka in C:\laragon\www\prvi_zadatak\domen\Vozilo.php on line 10
[03-Mar-2020 18:01:41 UTC] PHP Notice:  Undefined variable: model in C:\laragon\www\prvi_zadatak\domen\Vozilo.php on line 10
[03-Mar-2020 18:01:41 UTC] PHP Notice:  Undefined variable: marka in C:\laragon\www\prvi_zadatak\domen\Vozilo.php on line 10
[03-Mar-2020 18:01:41 UTC] PHP Notice:  Undefined variable: model in C:\laragon\www\prvi_zadatak\domen\Vozilo.php on line 10
[03-Mar-2020 18:01:41 UTC] PHP Notice:  Undefined variable: marka in C:\laragon\www\prvi_zadatak\domen\Vozilo.php on line 10
[03-Mar-2020 18:01:41 UTC] PHP Notice:  Undefined variable: model in C:\laragon\www\prvi_zadatak\domen\Vozilo.php on line 10
[03-Mar-2020 18:03:32 UTC] PHP Fatal error:  Uncaught Error: Call to a member function fetch_object() on bool in C:\laragon\www\prvi_zadatak\domen\Vozilo.php:14
Stack trace:
#0 C:\laragon\www\prvi_zadatak\tablice.php(9): Vozilo->vratiSve(Object(mysqli))
#1 {main}
  thrown in C:\laragon\www\prvi_zadatak\domen\Vozilo.php on line 14
[03-Mar-2020 18:41:28 UTC] PHP Warning:  Use of undefined constant Y - assumed 'Y' (this will throw an Error in a future version of PHP) in C:\laragon\www\prvi_zadatak\tablice.php on line 32
[03-Mar-2020 18:41:28 UTC] PHP Warning:  Use of undefined constant m - assumed 'm' (this will throw an Error in a future version of PHP) in C:\laragon\www\prvi_zadatak\tablice.php on line 32
[03-Mar-2020 18:41:28 UTC] PHP Warning:  A non-numeric value encountered in C:\laragon\www\prvi_zadatak\tablice.php on line 32
[03-Mar-2020 18:41:28 UTC] PHP Warning:  A non-numeric value encountered in C:\laragon\www\prvi_zadatak\tablice.php on line 32
[03-Mar-2020 18:41:28 UTC] PHP Warning:  Use of undefined constant d - assumed 'd' (this will throw an Error in a future version of PHP) in C:\laragon\www\prvi_zadatak\tablice.php on line 32
[03-Mar-2020 18:41:28 UTC] PHP Warning:  A non-numeric value encountered in C:\laragon\www\prvi_zadatak\tablice.php on line 32
[30-Mar-2020 18:45:26 UTC] PHP Fatal error:  Uncaught Error: Call to undefined method Tablica::vratiSve() in C:\laragon\www\treci_zadatak\tablice.php:12
Stack trace:
#0 {main}
  thrown in C:\laragon\www\treci_zadatak\tablice.php on line 12
[30-Mar-2020 18:46:19 UTC] PHP Notice:  Undefined variable: nizTablica in C:\laragon\www\treci_zadatak\tablice.php on line 82
[30-Mar-2020 18:46:19 UTC] PHP Warning:  Invalid argument supplied for foreach() in C:\laragon\www\treci_zadatak\tablice.php on line 82
[30-Mar-2020 18:46:19 UTC] PHP Notice:  Undefined variable: nizTablica in C:\laragon\www\treci_zadatak\tablice.php on line 115
[30-Mar-2020 18:46:19 UTC] PHP Warning:  Invalid argument supplied for foreach() in C:\laragon\www\treci_zadatak\tablice.php on line 115
[30-Mar-2020 18:47:59 UTC] PHP Notice:  Undefined variable: nizTablica in C:\laragon\www\treci_zadatak\tablice.php on line 82
[30-Mar-2020 18:47:59 UTC] PHP Warning:  Invalid argument supplied for foreach() in C:\laragon\www\treci_zadatak\tablice.php on line 82
[30-Mar-2020 18:47:59 UTC] PHP Notice:  Undefined variable: nizTablica in C:\laragon\www\treci_zadatak\tablice.php on line 115
[30-Mar-2020 18:47:59 UTC] PHP Warning:  Invalid argument supplied for foreach() in C:\laragon\www\treci_zadatak\tablice.php on line 115
[30-Mar-2020 18:55:57 UTC] PHP Notice:  Undefined variable: nizTablica in C:\laragon\www\treci_zadatak\tablice.php on line 82
[30-Mar-2020 18:55:57 UTC] PHP Warning:  Invalid argument supplied for foreach() in C:\laragon\www\treci_zadatak\tablice.php on line 82
[30-Mar-2020 18:55:57 UTC] PHP Notice:  Undefined variable: nizTablica in C:\laragon\www\treci_zadatak\tablice.php on line 115
[30-Mar-2020 18:55:57 UTC] PHP Warning:  Invalid argument supplied for foreach() in C:\laragon\www\treci_zadatak\tablice.php on line 115
[30-Mar-2020 19:03:08 UTC] PHP Notice:  Undefined variable: nizTablica in C:\laragon\www\treci_zadatak\tablice.php on line 82
[30-Mar-2020 19:03:08 UTC] PHP Warning:  Invalid argument supplied for foreach() in C:\laragon\www\treci_zadatak\tablice.php on line 82
[30-Mar-2020 19:03:08 UTC] PHP Notice:  Undefined variable: nizTablica in C:\laragon\www\treci_zadatak\tablice.php on line 115
[30-Mar-2020 19:03:08 UTC] PHP Warning:  Invalid argument supplied for foreach() in C:\laragon\www\treci_zadatak\tablice.php on line 115
[30-Mar-2020 19:06:16 UTC] PHP Notice:  Undefined variable: nizTablica in C:\laragon\www\treci_zadatak\tablice.php on line 82
[30-Mar-2020 19:06:16 UTC] PHP Warning:  Invalid argument supplied for foreach() in C:\laragon\www\treci_zadatak\tablice.php on line 82
[30-Mar-2020 19:06:16 UTC] PHP Notice:  Undefined variable: nizTablica in C:\laragon\www\treci_zadatak\tablice.php on line 115
[30-Mar-2020 19:06:16 UTC] PHP Warning:  Invalid argument supplied for foreach() in C:\laragon\www\treci_zadatak\tablice.php on line 115
[30-Mar-2020 19:06:29 UTC] PHP Notice:  Undefined variable: nizTablica in C:\laragon\www\treci_zadatak\tablice.php on line 82
[30-Mar-2020 19:06:29 UTC] PHP Warning:  Invalid argument supplied for foreach() in C:\laragon\www\treci_zadatak\tablice.php on line 82
[30-Mar-2020 19:06:29 UTC] PHP Notice:  Undefined variable: nizTablica in C:\laragon\www\treci_zadatak\tablice.php on line 115
[30-Mar-2020 19:06:29 UTC] PHP Warning:  Invalid argument supplied for foreach() in C:\laragon\www\treci_zadatak\tablice.php on line 115
[30-Mar-2020 19:07:20 UTC] PHP Notice:  Undefined variable: nizTablica in C:\laragon\www\treci_zadatak\tablice.php on line 82
[30-Mar-2020 19:07:20 UTC] PHP Warning:  Invalid argument supplied for foreach() in C:\laragon\www\treci_zadatak\tablice.php on line 82
[30-Mar-2020 19:07:20 UTC] PHP Notice:  Undefined variable: nizTablica in C:\laragon\www\treci_zadatak\tablice.php on line 115
[30-Mar-2020 19:07:20 UTC] PHP Warning:  Invalid argument supplied for foreach() in C:\laragon\www\treci_zadatak\tablice.php on line 115
[30-Mar-2020 19:09:41 UTC] PHP Notice:  Undefined variable: nizTablica in C:\laragon\www\treci_zadatak\tablice.php on line 82
[30-Mar-2020 19:09:41 UTC] PHP Warning:  Invalid argument supplied for foreach() in C:\laragon\www\treci_zadatak\tablice.php on line 82
[30-Mar-2020 19:09:41 UTC] PHP Notice:  Undefined variable: nizTablica in C:\laragon\www\treci_zadatak\tablice.php on line 115
[30-Mar-2020 19:09:41 UTC] PHP Warning:  Invalid argument supplied for foreach() in C:\laragon\www\treci_zadatak\tablice.php on line 115
[30-Mar-2020 19:12:49 UTC] PHP Notice:  Undefined variable: nizTablica in C:\laragon\www\treci_zadatak\tablice.php on line 82
[30-Mar-2020 19:12:49 UTC] PHP Warning:  Invalid argument supplied for foreach() in C:\laragon\www\treci_zadatak\tablice.php on line 82
[30-Mar-2020 19:12:49 UTC] PHP Notice:  Undefined variable: nizTablica in C:\laragon\www\treci_zadatak\tablice.php on line 115
[30-Mar-2020 19:12:49 UTC] PHP Warning:  Invalid argument supplied for foreach() in C:\laragon\www\treci_zadatak\tablice.php on line 115
[30-Mar-2020 19:20:47 UTC] PHP Notice:  Undefined variable: nizTablica in C:\laragon\www\treci_zadatak\tablice.php on line 82
[30-Mar-2020 19:20:47 UTC] PHP Warning:  Invalid argument supplied for foreach() in C:\laragon\www\treci_zadatak\tablice.php on line 82
[30-Mar-2020 19:20:47 UTC] PHP Notice:  Undefined variable: nizTablica in C:\laragon\www\treci_zadatak\tablice.php on line 115
[30-Mar-2020 19:20:47 UTC] PHP Warning:  Invalid argument supplied for foreach() in C:\laragon\www\treci_zadatak\tablice.php on line 115
[30-Mar-2020 19:24:26 UTC] PHP Notice:  Undefined variable: nizTablica in C:\laragon\www\treci_zadatak\tablice.php on line 82
[30-Mar-2020 19:24:26 UTC] PHP Warning:  Invalid argument supplied for foreach() in C:\laragon\www\treci_zadatak\tablice.php on line 82
[30-Mar-2020 19:24:26 UTC] PHP Notice:  Undefined variable: nizTablica in C:\laragon\www\treci_zadatak\tablice.php on line 115
[30-Mar-2020 19:24:26 UTC] PHP Warning:  Invalid argument supplied for foreach() in C:\laragon\www\treci_zadatak\tablice.php on line 115
[31-Mar-2020 19:35:27 UTC] PHP Notice:  Undefined variable: nizTablica in C:\laragon\www\treci_zadatak\tablice.php on line 84
[31-Mar-2020 19:35:27 UTC] PHP Warning:  Invalid argument supplied for foreach() in C:\laragon\www\treci_zadatak\tablice.php on line 84
[31-Mar-2020 19:35:27 UTC] PHP Notice:  Undefined variable: nizTablica in C:\laragon\www\treci_zadatak\tablice.php on line 117
[31-Mar-2020 19:35:27 UTC] PHP Warning:  Invalid argument supplied for foreach() in C:\laragon\www\treci_zadatak\tablice.php on line 117
[31-Mar-2020 19:37:58 UTC] PHP Notice:  Undefined variable: nizTablica in C:\laragon\www\treci_zadatak\tablice.php on line 84
[31-Mar-2020 19:37:58 UTC] PHP Warning:  Invalid argument supplied for foreach() in C:\laragon\www\treci_zadatak\tablice.php on line 84
[31-Mar-2020 19:37:58 UTC] PHP Notice:  Undefined variable: nizTablica in C:\laragon\www\treci_zadatak\tablice.php on line 117
[31-Mar-2020 19:37:58 UTC] PHP Warning:  Invalid argument supplied for foreach() in C:\laragon\www\treci_zadatak\tablice.php on line 117
[31-Mar-2020 22:34:30 UTC] PHP Notice:  Undefined variable: nizTablica in C:\laragon\www\treci_zadatak\tablice.php on line 84
[31-Mar-2020 22:34:30 UTC] PHP Warning:  Invalid argument supplied for foreach() in C:\laragon\www\treci_zadatak\tablice.php on line 84
[31-Mar-2020 22:34:30 UTC] PHP Notice:  Undefined variable: nizTablica in C:\laragon\www\treci_zadatak\tablice.php on line 117
[31-Mar-2020 22:34:30 UTC] PHP Warning:  Invalid argument supplied for foreach() in C:\laragon\www\treci_zadatak\tablice.php on line 117
[31-Mar-2020 22:36:04 UTC] PHP Notice:  Undefined variable: nizTablica in C:\laragon\www\treci_zadatak\tablice.php on line 84
[31-Mar-2020 22:36:04 UTC] PHP Warning:  Invalid argument supplied for foreach() in C:\laragon\www\treci_zadatak\tablice.php on line 84
[31-Mar-2020 22:36:04 UTC] PHP Notice:  Undefined variable: nizTablica in C:\laragon\www\treci_zadatak\tablice.php on line 117
[31-Mar-2020 22:36:04 UTC] PHP Warning:  Invalid argument supplied for foreach() in C:\laragon\www\treci_zadatak\tablice.php on line 117
[15-Jun-2020 15:19:18 UTC] PHP Fatal error:  Uncaught Error: Call to a member function fetch_object() on bool in C:\laragon\www\seminarski\domen\Korisnik.php:46
Stack trace:
#0 C:\laragon\www\seminarski\tablice.php(6): Korisnik->vratiSveVlasnike(Object(mysqli))
#1 {main}
  thrown in C:\laragon\www\seminarski\domen\Korisnik.php on line 46
[15-Jun-2020 15:29:18 UTC] PHP Parse error:  syntax error, unexpected '}', expecting end of file in C:\laragon\www\seminarski\komponente\navbar.php on line 34
[15-Jun-2020 15:45:42 UTC] PHP Parse error:  syntax error, unexpected '}', expecting end of file in C:\laragon\www\seminarski\komponente\navbar.php on line 40
